<?xml version="1.0" encoding="UTF-8"?><testsuite errors="1" failures="0" name="F6333-Establish Operational Audit Functionality - June Release.feature" skipped="0" tests="1" time="19.63" timestamp="2019-05-129 06:21:31"><testcase name="US20932 - Ability to Sort Target table data for DOS To"><error message="unknown error: Element &lt;button class=&quot;x-btn-text &quot; type=&quot;button&quot; style=&quot;&quot; tabindex=&quot;0&quot;&gt;...&lt;/button&gt; is not clickable at point (1830, 22). Other element would receive the click: &lt;div id=&quot;x-auto-28&quot; class=&quot; x-modal x-component &quot; style=&quot;z-index: 1041; width: 1920px; height: 925px; position: absolute;&quot;&gt;&lt;/div&gt;&#10;  (Session info: chrome=73.0.3683.86)&#10;  (Driver info: chromedriver=73.0.3683.68 (47787ec04b6e38e22703e856e101e840b65afe72),platform=Windows NT 6.1.7601 SP1 x86_64) (WARNING: The server did not provide any stacktrace information)&#10;Command duration or timeout: 70 milliseconds&#10;Build info: version: '2.53.0', revision: '35ae25b1534ae328c771e0856c93e187490ca824', time: '2016-03-15 10:43:46'&#10;System info: host: 'dev-xd034', ip: '10.130.12.36', os.name: 'Windows 7', os.arch: 'amd64', os.version: '6.1', java.version: '1.8.0_25'&#10;Driver info: org.openqa.selenium.chrome.ChromeDriver&#10;Capabilities [{mobileEmulationEnabled=false, timeouts={implicit=0, pageLoad=300000, script=30000}, hasTouchScreen=false, platform=XP, acceptSslCerts=false, goog:chromeOptions={debuggerAddress=localhost:62346}, acceptInsecureCerts=false, webStorageEnabled=true, browserName=chrome, takesScreenshot=true, javascriptEnabled=true, setWindowRect=true, unexpectedAlertBehaviour=ignore, applicationCacheEnabled=false, rotatable=false, networkConnectionEnabled=false, chrome={chromedriverVersion=73.0.3683.68 (47787ec04b6e38e22703e856e101e840b65afe72), userDataDir=C:\Users\RAVEEN~1.BET\AppData\Local\Temp\scoped_dir13480_27952}, takesHeapSnapshot=true, pageLoadStrategy=normal, strictFileInteractability=false, databaseEnabled=false, handlesAlerts=true, version=73.0.3683.86, browserConnectionEnabled=false, proxy={}, nativeEvents=true, locationContextEnabled=true, cssSelectorsEnabled=true}]&#10;Session ID: 4df6fa6369bf1dfe2af3cd101cc1ea99&#10;Build info: version: '2.53.0', revision: '35ae25b1534ae328c771e0856c93e187490ca824', time: '2016-03-15 10:43:46'&#10;System info: host: 'dev-xd034', ip: '10.130.12.36', os.name: 'Windows 7', os.arch: 'amd64', os.version: '6.1', java.version: '1.8.0_25'&#10;Driver info: driver.version: RemoteWebDriver" type="org.openqa.selenium.WebDriverException">unknown error: Element &lt;button class="x-btn-text " type="button" style="" tabindex="0"&gt;...&lt;/button&gt; is not clickable at point (1830, 22). Other element would receive the click: &lt;div id="x-auto-28" class=" x-modal x-component " style="z-index: 1041; width: 1920px; height: 925px; position: absolute;"&gt;&lt;/div&gt;
  (Session info: chrome=73.0.3683.86)
  (Driver info: chromedriver=73.0.3683.68 (47787ec04b6e38e22703e856e101e840b65afe72),platform=Windows NT 6.1.7601 SP1 x86_64) (WARNING: The server did not provide any stacktrace information)
Command duration or timeout: 70 milliseconds
Build info: version: '2.53.0', revision: '35ae25b1534ae328c771e0856c93e187490ca824', time: '2016-03-15 10:43:46'
System info: host: 'dev-xd034', ip: '10.130.12.36', os.name: 'Windows 7', os.arch: 'amd64', os.version: '6.1', java.version: '1.8.0_25'
Driver info: org.openqa.selenium.chrome.ChromeDriver
Capabilities [{mobileEmulationEnabled=false, timeouts={implicit=0, pageLoad=300000, script=30000}, hasTouchScreen=false, platform=XP, acceptSslCerts=false, goog:chromeOptions={debuggerAddress=localhost:62346}, acceptInsecureCerts=false, webStorageEnabled=true, browserName=chrome, takesScreenshot=true, javascriptEnabled=true, setWindowRect=true, unexpectedAlertBehaviour=ignore, applicationCacheEnabled=false, rotatable=false, networkConnectionEnabled=false, chrome={chromedriverVersion=73.0.3683.68 (47787ec04b6e38e22703e856e101e840b65afe72), userDataDir=C:\Users\RAVEEN~1.BET\AppData\Local\Temp\scoped_dir13480_27952}, takesHeapSnapshot=true, pageLoadStrategy=normal, strictFileInteractability=false, databaseEnabled=false, handlesAlerts=true, version=73.0.3683.86, browserConnectionEnabled=false, proxy={}, nativeEvents=true, locationContextEnabled=true, cssSelectorsEnabled=true}]
Session ID: 4df6fa6369bf1dfe2af3cd101cc1ea99
Build info: version: '2.53.0', revision: '35ae25b1534ae328c771e0856c93e187490ca824', time: '2016-03-15 10:43:46'
System info: host: 'dev-xd034', ip: '10.130.12.36', os.name: 'Windows 7', os.arch: 'amd64', os.version: '6.1', java.version: '1.8.0_25'
Driver info: driver.version: RemoteWebDriver</error><system-err>unknown error: Element &lt;button class="x-btn-text " type="button" style="" tabindex="0"&gt;...&lt;/button&gt; is not clickable at point (1830, 22). Other element would receive the click: &lt;div id="x-auto-28" class=" x-modal x-component " style="z-index: 1041; width: 1920px; height: 925px; position: absolute;"&gt;&lt;/div&gt;
  (Session info: chrome=73.0.3683.86)
  (Driver info: chromedriver=73.0.3683.68 (47787ec04b6e38e22703e856e101e840b65afe72),platform=Windows NT 6.1.7601 SP1 x86_64) (WARNING: The server did not provide any stacktrace information)
Command duration or timeout: 70 milliseconds
Build info: version: '2.53.0', revision: '35ae25b1534ae328c771e0856c93e187490ca824', time: '2016-03-15 10:43:46'
System info: host: 'dev-xd034', ip: '10.130.12.36', os.name: 'Windows 7', os.arch: 'amd64', os.version: '6.1', java.version: '1.8.0_25'
Driver info: org.openqa.selenium.chrome.ChromeDriver
Capabilities [{mobileEmulationEnabled=false, timeouts={implicit=0, pageLoad=300000, script=30000}, hasTouchScreen=false, platform=XP, acceptSslCerts=false, goog:chromeOptions={debuggerAddress=localhost:62346}, acceptInsecureCerts=false, webStorageEnabled=true, browserName=chrome, takesScreenshot=true, javascriptEnabled=true, setWindowRect=true, unexpectedAlertBehaviour=ignore, applicationCacheEnabled=false, rotatable=false, networkConnectionEnabled=false, chrome={chromedriverVersion=73.0.3683.68 (47787ec04b6e38e22703e856e101e840b65afe72), userDataDir=C:\Users\RAVEEN~1.BET\AppData\Local\Temp\scoped_dir13480_27952}, takesHeapSnapshot=true, pageLoadStrategy=normal, strictFileInteractability=false, databaseEnabled=false, handlesAlerts=true, version=73.0.3683.86, browserConnectionEnabled=false, proxy={}, nativeEvents=true, locationContextEnabled=true, cssSelectorsEnabled=true}]
Session ID: 4df6fa6369bf1dfe2af3cd101cc1ea99
Build info: version: '2.53.0', revision: '35ae25b1534ae328c771e0856c93e187490ca824', time: '2016-03-15 10:43:46'
System info: host: 'dev-xd034', ip: '10.130.12.36', os.name: 'Windows 7', os.arch: 'amd64', os.version: '6.1', java.version: '1.8.0_25'
Driver info: driver.version: RemoteWebDriver&#13;
sun.reflect.NativeConstructorAccessorImpl.newInstance0(Native Method)&#13;
sun.reflect.NativeConstructorAccessorImpl.newInstance(NativeConstructorAccessorImpl.java:62)&#13;
sun.reflect.DelegatingConstructorAccessorImpl.newInstance(DelegatingConstructorAccessorImpl.java:45)&#13;
java.lang.reflect.Constructor.newInstance(Constructor.java:408)&#13;
org.openqa.selenium.remote.ErrorHandler.createThrowable(ErrorHandler.java:206)&#13;
org.openqa.selenium.remote.ErrorHandler.throwIfResponseFailed(ErrorHandler.java:158)&#13;
org.openqa.selenium.remote.RemoteWebDriver.execute(RemoteWebDriver.java:678)&#13;
org.openqa.selenium.remote.RemoteWebElement.execute(RemoteWebElement.java:327)&#13;
org.openqa.selenium.remote.RemoteWebElement.click(RemoteWebElement.java:85)&#13;
net.serenitybdd.core.pages.WebElementFacadeImpl.click(WebElementFacadeImpl.java:988)&#13;
project.utilities.SeleniumUtils.Click_given_WebElement(SeleniumUtils.java:198)&#13;
project.pageobjects.LoginPage.signoutCPTICDLink(LoginPage.java:79)&#13;
project.feature.steps.definitions.CreateProposalStepDef.userLogsout(CreateProposalStepDef.java:83)&#13;
project.feature.steps.definitions.CreateProposalStepDef$$EnhancerByCGLIB$$e226b00d.CGLIB$userLogsout$1(&lt;generated&gt;)&#13;
project.feature.steps.definitions.CreateProposalStepDef$$EnhancerByCGLIB$$e226b00d$$FastClassByCGLIB$$a85f2310.invoke(&lt;generated&gt;)&#13;
net.sf.cglib.proxy.MethodProxy.invokeSuper(MethodProxy.java:228)&#13;
net.thucydides.core.steps.StepInterceptor.invokeMethod(StepInterceptor.java:372)&#13;
net.thucydides.core.steps.StepInterceptor.executeTestStepMethod(StepInterceptor.java:357)&#13;
net.thucydides.core.steps.StepInterceptor.runTestStep(StepInterceptor.java:332)&#13;
net.thucydides.core.steps.StepInterceptor.testStepResult(StepInterceptor.java:134)&#13;
net.thucydides.core.steps.StepInterceptor.intercept(StepInterceptor.java:61)&#13;
project.feature.steps.definitions.CreateProposalStepDef$$EnhancerByCGLIB$$e226b00d.userLogsout(&lt;generated&gt;)&#13;
project.features.steps.CreateProposalSteps.logout_of_the_Application(CreateProposalSteps.java:46)&#13;
sun.reflect.NativeMethodAccessorImpl.invoke0(Native Method)&#13;
sun.reflect.NativeMethodAccessorImpl.invoke(NativeMethodAccessorImpl.java:62)&#13;
sun.reflect.DelegatingMethodAccessorImpl.invoke(DelegatingMethodAccessorImpl.java:43)&#13;
java.lang.reflect.Method.invoke(Method.java:483)&#13;
cucumber.runtime.Utils$1.call(Utils.java:37)&#13;
cucumber.runtime.Timeout.timeout(Timeout.java:13)&#13;
cucumber.runtime.Utils.invoke(Utils.java:31)&#13;
cucumber.runtime.java.JavaStepDefinition.execute(JavaStepDefinition.java:38)&#13;
cucumber.runtime.StepDefinitionMatch.runStep(StepDefinitionMatch.java:37)&#13;
cucumber.runtime.Runtime.runStep(Runtime.java:299)&#13;
cucumber.runtime.model.StepContainer.runStep(StepContainer.java:44)&#13;
cucumber.runtime.model.StepContainer.runSteps(StepContainer.java:39)&#13;
cucumber.runtime.model.CucumberScenario.run(CucumberScenario.java:44)&#13;
cucumber.runtime.junit.ExecutionUnitRunner.run(ExecutionUnitRunner.java:91)&#13;
org.junit.runners.Suite.runChild(Suite.java:128)&#13;
org.junit.runners.Suite.runChild(Suite.java:27)&#13;
org.junit.runners.ParentRunner$3.run(ParentRunner.java:290)&#13;
org.junit.runners.ParentRunner$1.schedule(ParentRunner.java:71)&#13;
org.junit.runners.ParentRunner.runChildren(ParentRunner.java:288)&#13;
org.junit.runners.ParentRunner.access$000(ParentRunner.java:58)&#13;
org.junit.runners.ParentRunner$2.evaluate(ParentRunner.java:268)&#13;
org.junit.runners.ParentRunner.run(ParentRunner.java:363)&#13;
cucumber.runtime.junit.ExamplesRunner.run(ExamplesRunner.java:59)&#13;
org.junit.runners.Suite.runChild(Suite.java:128)&#13;
org.junit.runners.Suite.runChild(Suite.java:27)&#13;
org.junit.runners.ParentRunner$3.run(ParentRunner.java:290)&#13;
org.junit.runners.ParentRunner$1.schedule(ParentRunner.java:71)&#13;
org.junit.runners.ParentRunner.runChildren(ParentRunner.java:288)&#13;
org.junit.runners.ParentRunner.access$000(ParentRunner.java:58)&#13;
org.junit.runners.ParentRunner$2.evaluate(ParentRunner.java:268)&#13;
org.junit.runners.ParentRunner.run(ParentRunner.java:363)&#13;
cucumber.runtime.junit.ScenarioOutlineRunner.run(ScenarioOutlineRunner.java:53)&#13;
cucumber.runtime.junit.FeatureRunner.runChild(FeatureRunner.java:63)&#13;
cucumber.runtime.junit.FeatureRunner.runChild(FeatureRunner.java:18)&#13;
org.junit.runners.ParentRunner$3.run(ParentRunner.java:290)&#13;
org.junit.runners.ParentRunner$1.schedule(ParentRunner.java:71)&#13;
org.junit.runners.ParentRunner.runChildren(ParentRunner.java:288)&#13;
org.junit.runners.ParentRunner.access$000(ParentRunner.java:58)&#13;
org.junit.runners.ParentRunner$2.evaluate(ParentRunner.java:268)&#13;
org.junit.runners.ParentRunner.run(ParentRunner.java:363)&#13;
cucumber.runtime.junit.FeatureRunner.run(FeatureRunner.java:70)&#13;
cucumber.api.junit.Cucumber.runChild(Cucumber.java:93)&#13;
cucumber.api.junit.Cucumber.runChild(Cucumber.java:37)&#13;
org.junit.runners.ParentRunner$3.run(ParentRunner.java:290)&#13;
org.junit.runners.ParentRunner$1.schedule(ParentRunner.java:71)&#13;
org.junit.runners.ParentRunner.runChildren(ParentRunner.java:288)&#13;
org.junit.runners.ParentRunner.access$000(ParentRunner.java:58)&#13;
org.junit.runners.ParentRunner$2.evaluate(ParentRunner.java:268)&#13;
org.junit.internal.runners.statements.RunBefores.evaluate(RunBefores.java:26)&#13;
org.junit.internal.runners.statements.RunAfters.evaluate(RunAfters.java:27)&#13;
org.junit.runners.ParentRunner.run(ParentRunner.java:363)&#13;
cucumber.api.junit.Cucumber.run(Cucumber.java:98)&#13;
org.eclipse.jdt.internal.junit4.runner.JUnit4TestReference.run(JUnit4TestReference.java:86)&#13;
org.eclipse.jdt.internal.junit.runner.TestExecution.run(TestExecution.java:38)&#13;
org.eclipse.jdt.internal.junit.runner.RemoteTestRunner.runTests(RemoteTestRunner.java:459)&#13;
org.eclipse.jdt.internal.junit.runner.RemoteTestRunner.runTests(RemoteTestRunner.java:675)&#13;
org.eclipse.jdt.internal.junit.runner.RemoteTestRunner.run(RemoteTestRunner.java:382)&#13;
org.eclipse.jdt.internal.junit.runner.RemoteTestRunner.main(RemoteTestRunner.java:192)&#13;
</system-err></testcase></testsuite>