<?xml version="1.0" encoding="UTF-8"?><testsuite errors="1" failures="0" name="F6333-Establish Operational Audit Functionality - June Release.feature" skipped="0" tests="1" time="22.57" timestamp="2019-05-133 03:50:45"><testcase name="US20932-Ability to Filter Target Table data"><error message="Timed out after 4 seconds. Element not available&#10;Build info: version: '2.53.0', revision: '35ae25b1534ae328c771e0856c93e187490ca824', time: '2016-03-15 10:43:46'&#10;System info: host: 'dev-xd034', ip: '10.130.12.36', os.name: 'Windows 7', os.arch: 'amd64', os.version: '6.1', java.version: '1.8.0_25'&#10;Driver info: driver.version: RemoteWebDriver&#10;Build info: version: '2.53.0', revision: '35ae25b1534ae328c771e0856c93e187490ca824', time: '2016-03-15 10:43:46'&#10;System info: host: 'dev-xd034', ip: '10.130.12.36', os.name: 'Windows 7', os.arch: 'amd64', os.version: '6.1', java.version: '1.8.0_25'&#10;Driver info: driver.version: RemoteWebDriver" type="org.openqa.selenium.ElementNotVisibleException">Timed out after 4 seconds. Element not available
Build info: version: '2.53.0', revision: '35ae25b1534ae328c771e0856c93e187490ca824', time: '2016-03-15 10:43:46'
System info: host: 'dev-xd034', ip: '10.130.12.36', os.name: 'Windows 7', os.arch: 'amd64', os.version: '6.1', java.version: '1.8.0_25'
Driver info: driver.version: RemoteWebDriver
Build info: version: '2.53.0', revision: '35ae25b1534ae328c771e0856c93e187490ca824', time: '2016-03-15 10:43:46'
System info: host: 'dev-xd034', ip: '10.130.12.36', os.name: 'Windows 7', os.arch: 'amd64', os.version: '6.1', java.version: '1.8.0_25'
Driver info: driver.version: RemoteWebDriver</error><system-err>Timed out after 4 seconds. Element not available
Build info: version: '2.53.0', revision: '35ae25b1534ae328c771e0856c93e187490ca824', time: '2016-03-15 10:43:46'
System info: host: 'dev-xd034', ip: '10.130.12.36', os.name: 'Windows 7', os.arch: 'amd64', os.version: '6.1', java.version: '1.8.0_25'
Driver info: driver.version: RemoteWebDriver
Build info: version: '2.53.0', revision: '35ae25b1534ae328c771e0856c93e187490ca824', time: '2016-03-15 10:43:46'
System info: host: 'dev-xd034', ip: '10.130.12.36', os.name: 'Windows 7', os.arch: 'amd64', os.version: '6.1', java.version: '1.8.0_25'
Driver info: driver.version: RemoteWebDriver&#13;
net.thucydides.core.annotations.locators.SmartAjaxElementLocator.ajaxFindElement(SmartAjaxElementLocator.java:147)&#13;
net.thucydides.core.annotations.locators.SmartAjaxElementLocator.findElement(SmartAjaxElementLocator.java:102)&#13;
net.thucydides.core.annotations.locators.AbstractSingleItemHandler.invoke(AbstractSingleItemHandler.java:39)&#13;
com.sun.proxy.$Proxy26.getWrappedElement(Unknown Source)&#13;
org.openqa.selenium.remote.internal.WebElementToJsonConverter.apply(WebElementToJsonConverter.java:49)&#13;
com.google.common.collect.Iterators$8.transform(Iterators.java:799)&#13;
com.google.common.collect.TransformedIterator.next(TransformedIterator.java:48)&#13;
com.google.common.collect.Iterators.addAll(Iterators.java:362)&#13;
com.google.common.collect.Lists.newArrayList(Lists.java:160)&#13;
com.google.common.collect.Lists.newArrayList(Lists.java:144)&#13;
org.openqa.selenium.remote.RemoteWebDriver.executeScript(RemoteWebDriver.java:572)&#13;
net.thucydides.core.webdriver.WebDriverFacade.executeScript(WebDriverFacade.java:386)&#13;
project.utilities.SeleniumUtils.highlightElement(SeleniumUtils.java:181)&#13;
project.utilities.SeleniumUtils.Click_given_WebElement(SeleniumUtils.java:192)&#13;
project.pageobjects.HomePage.NavigateToCPTICDAdminLink(HomePage.java:164)&#13;
project.feature.steps.definitions.EstablishOperationalAuditFunctionalityStepDef.ClicksOnCPTICDAdminLink(EstablishOperationalAuditFunctionalityStepDef.java:42)&#13;
project.feature.steps.definitions.EstablishOperationalAuditFunctionalityStepDef$$EnhancerByCGLIB$$ca76943a.CGLIB$ClicksOnCPTICDAdminLink$0(&lt;generated&gt;)&#13;
project.feature.steps.definitions.EstablishOperationalAuditFunctionalityStepDef$$EnhancerByCGLIB$$ca76943a$$FastClassByCGLIB$$5438c11e.invoke(&lt;generated&gt;)&#13;
net.sf.cglib.proxy.MethodProxy.invokeSuper(MethodProxy.java:228)&#13;
net.thucydides.core.steps.StepInterceptor.invokeMethod(StepInterceptor.java:372)&#13;
net.thucydides.core.steps.StepInterceptor.executeTestStepMethod(StepInterceptor.java:357)&#13;
net.thucydides.core.steps.StepInterceptor.runTestStep(StepInterceptor.java:332)&#13;
net.thucydides.core.steps.StepInterceptor.testStepResult(StepInterceptor.java:134)&#13;
net.thucydides.core.steps.StepInterceptor.intercept(StepInterceptor.java:61)&#13;
project.feature.steps.definitions.EstablishOperationalAuditFunctionalityStepDef$$EnhancerByCGLIB$$ca76943a.ClicksOnCPTICDAdminLink(&lt;generated&gt;)&#13;
project.features.steps.EstablishOperationalAuditFunctionalitySteps.user_should_be_able_click_on_CPTICDLink_Admin_under_Adminstration_Section(EstablishOperationalAuditFunctionalitySteps.java:15)&#13;
sun.reflect.NativeMethodAccessorImpl.invoke0(Native Method)&#13;
sun.reflect.NativeMethodAccessorImpl.invoke(NativeMethodAccessorImpl.java:62)&#13;
sun.reflect.DelegatingMethodAccessorImpl.invoke(DelegatingMethodAccessorImpl.java:43)&#13;
java.lang.reflect.Method.invoke(Method.java:483)&#13;
cucumber.runtime.Utils$1.call(Utils.java:37)&#13;
cucumber.runtime.Timeout.timeout(Timeout.java:13)&#13;
cucumber.runtime.Utils.invoke(Utils.java:31)&#13;
cucumber.runtime.java.JavaStepDefinition.execute(JavaStepDefinition.java:38)&#13;
cucumber.runtime.StepDefinitionMatch.runStep(StepDefinitionMatch.java:37)&#13;
cucumber.runtime.Runtime.runStep(Runtime.java:299)&#13;
cucumber.runtime.model.StepContainer.runStep(StepContainer.java:44)&#13;
cucumber.runtime.model.StepContainer.runSteps(StepContainer.java:39)&#13;
cucumber.runtime.model.CucumberScenario.run(CucumberScenario.java:44)&#13;
cucumber.runtime.junit.ExecutionUnitRunner.run(ExecutionUnitRunner.java:91)&#13;
org.junit.runners.Suite.runChild(Suite.java:128)&#13;
org.junit.runners.Suite.runChild(Suite.java:27)&#13;
org.junit.runners.ParentRunner$3.run(ParentRunner.java:290)&#13;
org.junit.runners.ParentRunner$1.schedule(ParentRunner.java:71)&#13;
org.junit.runners.ParentRunner.runChildren(ParentRunner.java:288)&#13;
org.junit.runners.ParentRunner.access$000(ParentRunner.java:58)&#13;
org.junit.runners.ParentRunner$2.evaluate(ParentRunner.java:268)&#13;
org.junit.runners.ParentRunner.run(ParentRunner.java:363)&#13;
cucumber.runtime.junit.ExamplesRunner.run(ExamplesRunner.java:59)&#13;
org.junit.runners.Suite.runChild(Suite.java:128)&#13;
org.junit.runners.Suite.runChild(Suite.java:27)&#13;
org.junit.runners.ParentRunner$3.run(ParentRunner.java:290)&#13;
org.junit.runners.ParentRunner$1.schedule(ParentRunner.java:71)&#13;
org.junit.runners.ParentRunner.runChildren(ParentRunner.java:288)&#13;
org.junit.runners.ParentRunner.access$000(ParentRunner.java:58)&#13;
org.junit.runners.ParentRunner$2.evaluate(ParentRunner.java:268)&#13;
org.junit.runners.ParentRunner.run(ParentRunner.java:363)&#13;
cucumber.runtime.junit.ScenarioOutlineRunner.run(ScenarioOutlineRunner.java:53)&#13;
cucumber.runtime.junit.FeatureRunner.runChild(FeatureRunner.java:63)&#13;
cucumber.runtime.junit.FeatureRunner.runChild(FeatureRunner.java:18)&#13;
org.junit.runners.ParentRunner$3.run(ParentRunner.java:290)&#13;
org.junit.runners.ParentRunner$1.schedule(ParentRunner.java:71)&#13;
org.junit.runners.ParentRunner.runChildren(ParentRunner.java:288)&#13;
org.junit.runners.ParentRunner.access$000(ParentRunner.java:58)&#13;
org.junit.runners.ParentRunner$2.evaluate(ParentRunner.java:268)&#13;
org.junit.runners.ParentRunner.run(ParentRunner.java:363)&#13;
cucumber.runtime.junit.FeatureRunner.run(FeatureRunner.java:70)&#13;
cucumber.api.junit.Cucumber.runChild(Cucumber.java:93)&#13;
cucumber.api.junit.Cucumber.runChild(Cucumber.java:37)&#13;
org.junit.runners.ParentRunner$3.run(ParentRunner.java:290)&#13;
org.junit.runners.ParentRunner$1.schedule(ParentRunner.java:71)&#13;
org.junit.runners.ParentRunner.runChildren(ParentRunner.java:288)&#13;
org.junit.runners.ParentRunner.access$000(ParentRunner.java:58)&#13;
org.junit.runners.ParentRunner$2.evaluate(ParentRunner.java:268)&#13;
org.junit.internal.runners.statements.RunBefores.evaluate(RunBefores.java:26)&#13;
org.junit.internal.runners.statements.RunAfters.evaluate(RunAfters.java:27)&#13;
org.junit.runners.ParentRunner.run(ParentRunner.java:363)&#13;
cucumber.api.junit.Cucumber.run(Cucumber.java:98)&#13;
org.eclipse.jdt.internal.junit4.runner.JUnit4TestReference.run(JUnit4TestReference.java:86)&#13;
org.eclipse.jdt.internal.junit.runner.TestExecution.run(TestExecution.java:38)&#13;
org.eclipse.jdt.internal.junit.runner.RemoteTestRunner.runTests(RemoteTestRunner.java:459)&#13;
org.eclipse.jdt.internal.junit.runner.RemoteTestRunner.runTests(RemoteTestRunner.java:675)&#13;
org.eclipse.jdt.internal.junit.runner.RemoteTestRunner.run(RemoteTestRunner.java:382)&#13;
org.eclipse.jdt.internal.junit.runner.RemoteTestRunner.main(RemoteTestRunner.java:192)&#13;
</system-err></testcase></testsuite>